0 info it worked if it ends with ok
1 verbose cli [ 'node', '/usr/local/bin/npm', 'install', 'simplejson' ]
2 info using npm@1.4.28
3 info using node@v0.10.35
4 verbose cache add [ 'simplejson', null ]
5 verbose cache add name=undefined spec="simplejson" args=["simplejson",null]
6 verbose parsed url { protocol: null,
6 verbose parsed url   slashes: null,
6 verbose parsed url   auth: null,
6 verbose parsed url   host: null,
6 verbose parsed url   port: null,
6 verbose parsed url   hostname: null,
6 verbose parsed url   hash: null,
6 verbose parsed url   search: null,
6 verbose parsed url   query: null,
6 verbose parsed url   pathname: 'simplejson',
6 verbose parsed url   path: 'simplejson',
6 verbose parsed url   href: 'simplejson' }
7 silly lockFile 2669e77e-simplejson simplejson
8 verbose lock simplejson /Users/imac02/.npm/2669e77e-simplejson.lock
9 silly lockFile 2669e77e-simplejson simplejson
10 silly lockFile 2669e77e-simplejson simplejson
11 verbose addNamed [ 'simplejson', '' ]
12 verbose addNamed [ null, '*' ]
13 silly lockFile a65eebe9-simplejson simplejson@
14 verbose lock simplejson@ /Users/imac02/.npm/a65eebe9-simplejson.lock
15 silly addNameRange { name: 'simplejson', range: '*', hasData: false }
16 verbose request where is /simplejson
17 verbose request registry https://registry.npmjs.org/
18 verbose request id 9579554e67461e42
19 verbose url raw /simplejson
20 verbose url resolving [ 'https://registry.npmjs.org/', './simplejson' ]
21 verbose url resolved https://registry.npmjs.org/simplejson
22 verbose request where is https://registry.npmjs.org/simplejson
23 info trying registry request attempt 1 at 11:06:59
24 http GET https://registry.npmjs.org/simplejson
25 http 404 https://registry.npmjs.org/simplejson
26 verbose headers { date: 'Fri, 13 Mar 2015 10:06:59 GMT',
26 verbose headers   server: 'CouchDB/1.5.0 (Erlang OTP/R16B03)',
26 verbose headers   'content-type': 'application/json',
26 verbose headers   'cache-control': 'max-age=0',
26 verbose headers   'content-length': '52',
26 verbose headers   'accept-ranges': 'bytes',
26 verbose headers   via: '1.1 varnish',
26 verbose headers   age: '0',
26 verbose headers   'x-served-by': 'cache-lhr6332-LHR',
26 verbose headers   'x-cache': 'MISS',
26 verbose headers   'x-cache-hits': '0',
26 verbose headers   'x-timer': 'S1426241219.848287,VS0,VE86',
26 verbose headers   'keep-alive': 'timeout=10, max=50',
26 verbose headers   connection: 'Keep-Alive' }
27 silly registry.get cb [ 404,
27 silly registry.get   { date: 'Fri, 13 Mar 2015 10:06:59 GMT',
27 silly registry.get     server: 'CouchDB/1.5.0 (Erlang OTP/R16B03)',
27 silly registry.get     'content-type': 'application/json',
27 silly registry.get     'cache-control': 'max-age=0',
27 silly registry.get     'content-length': '52',
27 silly registry.get     'accept-ranges': 'bytes',
27 silly registry.get     via: '1.1 varnish',
27 silly registry.get     age: '0',
27 silly registry.get     'x-served-by': 'cache-lhr6332-LHR',
27 silly registry.get     'x-cache': 'MISS',
27 silly registry.get     'x-cache-hits': '0',
27 silly registry.get     'x-timer': 'S1426241219.848287,VS0,VE86',
27 silly registry.get     'keep-alive': 'timeout=10, max=50',
27 silly registry.get     connection: 'Keep-Alive' } ]
28 silly lockFile a65eebe9-simplejson simplejson@
29 silly lockFile a65eebe9-simplejson simplejson@
30 error 404 404 Not Found: simplejson
30 error 404
30 error 404 'simplejson' is not in the npm registry.
30 error 404 You should bug the author to publish it
30 error 404
30 error 404 Note that you can also install from a
30 error 404 tarball, folder, or http url, or git url.
31 error System Darwin 14.1.0
32 error command "node" "/usr/local/bin/npm" "install" "simplejson"
33 error cwd /Users/imac02/Desarrollo/Doctorado/scripts
34 error node -v v0.10.35
35 error npm -v 1.4.28
36 error code E404
37 verbose exit [ 1, true ]
